[thoi-trang-trang-suc.daca.vn/lynessa/index.html]
[backblue.gif]
[fade.gif]
[index.html]
[thoi-trang-trang-suc.daca.vn/lynessa/assets/images/favicon.png]
[thoi-trang-trang-suc.daca.vn/lynessa/assets/css/bootstrap.min.css]
[thoi-trang-trang-suc.daca.vn/lynessa/assets/css/animate.css]
[thoi-trang-trang-suc.daca.vn/lynessa/assets/css/chosen.min.css]
[thoi-trang-trang-suc.daca.vn/lynessa/assets/css/font-awesome.min.css]
[thoi-trang-trang-suc.daca.vn/lynessa/assets/css/pe-icon-7-stroke.css]
[thoi-trang-trang-suc.daca.vn/lynessa/assets/css/jquery.scrollbar.css]
[thoi-trang-trang-suc.daca.vn/lynessa/assets/css/lightbox.min.css]
[thoi-trang-trang-suc.daca.vn/lynessa/assets/css/magnific-popup.css]
[thoi-trang-trang-suc.daca.vn/lynessa/assets/css/slick.min.css]
[thoi-trang-trang-suc.daca.vn/lynessa/assets/fonts/flaticon.css]
[thoi-trang-trang-suc.daca.vn/lynessa/assets/css/megamenu.css]
[thoi-trang-trang-suc.daca.vn/lynessa/assets/css/dreaming-attribute.css]
[thoi-trang-trang-suc.daca.vn/lynessa/assets/css/style.css]
[thoi-trang-trang-suc.daca.vn/lynessa/index-2.html]
[thoi-trang-trang-suc.daca.vn/lynessa/assets/images/logo.png]
[thoi-trang-trang-suc.daca.vn/lynessa/my-account.html]
[thoi-trang-trang-suc.daca.vn/lynessa/cart.html]
[thoi-trang-trang-suc.daca.vn/lynessa/assets/images/apro134-1-600x778.jpg]
[thoi-trang-trang-suc.daca.vn/lynessa/assets/images/apro1113-600x778.jpg]
[thoi-trang-trang-suc.daca.vn/lynessa/assets/images/apro201-1-600x778.jpg]
[thoi-trang-trang-suc.daca.vn/lynessa/checkout.html]
[thoi-trang-trang-suc.daca.vn/lynessa/assets/images/demo001.jpg]
[thoi-trang-trang-suc.daca.vn/lynessa/home-02.html]
[thoi-trang-trang-suc.daca.vn/lynessa/assets/images/demo002.jpg]
[thoi-trang-trang-suc.daca.vn/lynessa/home-03.html]
[thoi-trang-trang-suc.daca.vn/lynessa/assets/images/demo003.jpg]
[thoi-trang-trang-suc.daca.vn/lynessa/home-04.html]
[thoi-trang-trang-suc.daca.vn/lynessa/assets/images/demo004.jpg]
[thoi-trang-trang-suc.daca.vn/lynessa/home-05.html]
[thoi-trang-trang-suc.daca.vn/lynessa/assets/images/demo005.jpg]
[thoi-trang-trang-suc.daca.vn/lynessa/home-06.html]
[thoi-trang-trang-suc.daca.vn/lynessa/assets/images/demo006.jpg]
[thoi-trang-trang-suc.daca.vn/lynessa/shop.html]
[thoi-trang-trang-suc.daca.vn/lynessa/shop-list.html]
[thoi-trang-trang-suc.daca.vn/lynessa/assets/images/label-new.jpg]
[thoi-trang-trang-suc.daca.vn/lynessa/shop-leftsidebar.html]
[thoi-trang-trang-suc.daca.vn/lynessa/shop-rightsidebar.html]
[thoi-trang-trang-suc.daca.vn/lynessa/single-product.html]
[thoi-trang-trang-suc.daca.vn/lynessa/single-product-policy.html]
[thoi-trang-trang-suc.daca.vn/lynessa/single-product-rightsidebar.html]
[thoi-trang-trang-suc.daca.vn/lynessa/single-product-leftsidebar.html]
[thoi-trang-trang-suc.daca.vn/lynessa/single-product-bundle.html]
[thoi-trang-trang-suc.daca.vn/lynessa/single-product-360deg.html]
[thoi-trang-trang-suc.daca.vn/lynessa/assets/images/label-hot.jpg]
[thoi-trang-trang-suc.daca.vn/lynessa/single-product-video.html]
[thoi-trang-trang-suc.daca.vn/lynessa/wishlist.html]
[thoi-trang-trang-suc.daca.vn/lynessa/order-tracking.html]
[thoi-trang-trang-suc.daca.vn/lynessa/compare.html]
[thoi-trang-trang-suc.daca.vn/lynessa/single-product-simple.html]
[thoi-trang-trang-suc.daca.vn/lynessa/single-product-external.html]
[thoi-trang-trang-suc.daca.vn/lynessa/single-product-group.html]
[thoi-trang-trang-suc.daca.vn/lynessa/single-product-outofstock.html]
[thoi-trang-trang-suc.daca.vn/lynessa/single-product-onsale.html]
[thoi-trang-trang-suc.daca.vn/lynessa/dashboard.html]
[thoi-trang-trang-suc.daca.vn/lynessa/orders.html]
[thoi-trang-trang-suc.daca.vn/lynessa/downloads.html]
[thoi-trang-trang-suc.daca.vn/lynessa/edit-address.html]
[thoi-trang-trang-suc.daca.vn/lynessa/edit-account.html]
[thoi-trang-trang-suc.daca.vn/lynessa/banner.html]
[thoi-trang-trang-suc.daca.vn/lynessa/blog-element.html]
[thoi-trang-trang-suc.daca.vn/lynessa/categories-element.html]
[thoi-trang-trang-suc.daca.vn/lynessa/product-element.html]
[thoi-trang-trang-suc.daca.vn/lynessa/client.html]
[thoi-trang-trang-suc.daca.vn/lynessa/product-layout.html]
[thoi-trang-trang-suc.daca.vn/lynessa/google-map.html]
[thoi-trang-trang-suc.daca.vn/lynessa/iconbox.html]
[thoi-trang-trang-suc.daca.vn/lynessa/team.html]
[thoi-trang-trang-suc.daca.vn/lynessa/instagram-feed.html]
[thoi-trang-trang-suc.daca.vn/lynessa/newsletter.html]
[thoi-trang-trang-suc.daca.vn/lynessa/testimonials.html]
[thoi-trang-trang-suc.daca.vn/lynessa/blog.html]
[thoi-trang-trang-suc.daca.vn/lynessa/blog-leftsidebar.html]
[thoi-trang-trang-suc.daca.vn/lynessa/blog-rightsidebar.html]
[thoi-trang-trang-suc.daca.vn/lynessa/blog-grid.html]
[thoi-trang-trang-suc.daca.vn/lynessa/single-post.html]
[thoi-trang-trang-suc.daca.vn/lynessa/single-post-leftsidebar.html]
[thoi-trang-trang-suc.daca.vn/lynessa/single-post-rightsidebar.html]
[thoi-trang-trang-suc.daca.vn/lynessa/single-post-instagram.html]
[thoi-trang-trang-suc.daca.vn/lynessa/single-post-product.html]
[thoi-trang-trang-suc.daca.vn/lynessa/single-post-gallery.html]
[thoi-trang-trang-suc.daca.vn/lynessa/single-post-video.html]
[thoi-trang-trang-suc.daca.vn/lynessa/about.html]
[thoi-trang-trang-suc.daca.vn/lynessa/contact.html]
[thoi-trang-trang-suc.daca.vn/lynessa/404.html]
[thoi-trang-trang-suc.daca.vn/lynessa/assets/images/en.png]
[thoi-trang-trang-suc.daca.vn/lynessa/assets/images/it.png]
[thoi-trang-trang-suc.daca.vn/lynessa/assets/images/slide21.jpg]
[thoi-trang-trang-suc.daca.vn/lynessa/assets/images/slide22.jpg]
[thoi-trang-trang-suc.daca.vn/lynessa/assets/images/slide23.jpg]
[thoi-trang-trang-suc.daca.vn/lynessa/assets/images/banner244.jpg]
[thoi-trang-trang-suc.daca.vn/lynessa/assets/images/banner252.jpg]
[thoi-trang-trang-suc.daca.vn/lynessa/assets/images/apro13-1-270x350.jpg]
[thoi-trang-trang-suc.daca.vn/lynessa/assets/images/apro302-270x350.jpg]
[thoi-trang-trang-suc.daca.vn/lynessa/assets/images/apro31-1-270x350.jpg]
[thoi-trang-trang-suc.daca.vn/lynessa/assets/images/apro41-1-270x350.jpg]
[thoi-trang-trang-suc.daca.vn/lynessa/assets/images/apro51012-1-270x350.jpg]
[thoi-trang-trang-suc.daca.vn/lynessa/assets/images/apro61-1-270x350.jpg]
[thoi-trang-trang-suc.daca.vn/lynessa/assets/images/apro51012-1-275x310.jpg]
[thoi-trang-trang-suc.daca.vn/lynessa/assets/images/apro71-1-275x310.jpg]
[thoi-trang-trang-suc.daca.vn/lynessa/assets/images/apro1211-2-275x310.jpg]
[thoi-trang-trang-suc.daca.vn/lynessa/assets/images/banner21.jpg]
[thoi-trang-trang-suc.daca.vn/lynessa/assets/images/banner201.jpg]
[thoi-trang-trang-suc.daca.vn/lynessa/assets/images/banner23.jpg]
[thoi-trang-trang-suc.daca.vn/lynessa/assets/images/apro151-1-90x90.jpg]
[thoi-trang-trang-suc.daca.vn/lynessa/assets/images/apro171-1-90x90.jpg]
[thoi-trang-trang-suc.daca.vn/lynessa/assets/images/apro71-1-90x90.jpg]
[thoi-trang-trang-suc.daca.vn/lynessa/assets/images/apro201-1-90x90.jpg]
[thoi-trang-trang-suc.daca.vn/lynessa/assets/images/apro51012-1-90x90.jpg]
[thoi-trang-trang-suc.daca.vn/lynessa/assets/images/apro302-90x90.jpg]
[thoi-trang-trang-suc.daca.vn/lynessa/assets/images/apro13-1-90x90.jpg]
[thoi-trang-trang-suc.daca.vn/lynessa/assets/images/apro1211-2-90x90.jpg]
[thoi-trang-trang-suc.daca.vn/lynessa/assets/images/apro181-2-90x90.jpg]
[thoi-trang-trang-suc.daca.vn/lynessa/assets/images/apro141-1-90x90.jpg]
[thoi-trang-trang-suc.daca.vn/lynessa/assets/images/apro83-1-90x90.jpg]
[thoi-trang-trang-suc.daca.vn/lynessa/assets/images/apro191-1-90x90.jpg]
[thoi-trang-trang-suc.daca.vn/lynessa/assets/images/apro61-1-90x90.jpg]
[thoi-trang-trang-suc.daca.vn/lynessa/assets/images/apro41-1-90x90.jpg]
[thoi-trang-trang-suc.daca.vn/lynessa/assets/images/apro101-1-90x90.jpg]
[thoi-trang-trang-suc.daca.vn/lynessa/assets/images/apro91-1-90x90.jpg]
[thoi-trang-trang-suc.daca.vn/lynessa/assets/images/apro1113-90x90.jpg]
[thoi-trang-trang-suc.daca.vn/lynessa/assets/images/apro161-1-90x90.jpg]
[thoi-trang-trang-suc.daca.vn/lynessa/assets/images/insta1.jpg]
[thoi-trang-trang-suc.daca.vn/lynessa/assets/images/insta2.jpg]
[thoi-trang-trang-suc.daca.vn/lynessa/assets/images/insta3.jpg]
[thoi-trang-trang-suc.daca.vn/lynessa/assets/images/insta4.jpg]
[thoi-trang-trang-suc.daca.vn/lynessa/assets/images/insta5.jpg]
[thoi-trang-trang-suc.daca.vn/lynessa/assets/images/insta6.jpg]
[thoi-trang-trang-suc.daca.vn/lynessa/assets/images/insta7.jpg]
[thoi-trang-trang-suc.daca.vn/lynessa/assets/images/insta8.jpg]
[thoi-trang-trang-suc.daca.vn/lynessa/assets/images/payment.png]
[thoi-trang-trang-suc.daca.vn/lynessa/assets/js/jquery-1.12.4.min.js]
[thoi-trang-trang-suc.daca.vn/lynessa/assets/js/bootstrap.min.js]
[thoi-trang-trang-suc.daca.vn/lynessa/assets/js/chosen.min.js]
[thoi-trang-trang-suc.daca.vn/lynessa/assets/js/countdown.min.js]
[thoi-trang-trang-suc.daca.vn/lynessa/assets/js/jquery.scrollbar.min.js]
[thoi-trang-trang-suc.daca.vn/lynessa/assets/js/lightbox.min.js]
[thoi-trang-trang-suc.daca.vn/lynessa/assets/js/magnific-popup.min.js]
[thoi-trang-trang-suc.daca.vn/lynessa/assets/js/slick.js]
[thoi-trang-trang-suc.daca.vn/lynessa/assets/js/jquery.zoom.min.js]
[thoi-trang-trang-suc.daca.vn/lynessa/assets/js/threesixty.min.js]
[thoi-trang-trang-suc.daca.vn/lynessa/assets/js/jquery-ui.min.js]
[thoi-trang-trang-suc.daca.vn/lynessa/assets/js/mobilemenu.js]
[thoi-trang-trang-suc.daca.vn/lynessa/index.html]
[thoi-trang-trang-suc.daca.vn/lynessa/assets/css/bootstrap.min.css]
[thoi-trang-trang-suc.daca.vn/lynessa/assets/css/animate.css]
[thoi-trang-trang-suc.daca.vn/lynessa/assets/js/functions.js]
[thoi-trang-trang-suc.daca.vn/lynessa/assets/images/chosen-sprite.png]
[thoi-trang-trang-suc.daca.vn/lynessa/assets/images/chosen-sprite@2x.png]
[thoi-trang-trang-suc.daca.vn/lynessa/assets/css/chosen.min.css]
[thoi-trang-trang-suc.daca.vn/lynessa/assets/fonts/fontawesome-webfont3e6e3e6e.eot]
[thoi-trang-trang-suc.daca.vn/lynessa/assets/fonts/fontawesome-webfontd41dd41d.eot]
[thoi-trang-trang-suc.daca.vn/lynessa/assets/fonts/fontawesome-webfont3e6e3e6e.woff2]
[thoi-trang-trang-suc.daca.vn/lynessa/assets/fonts/fontawesome-webfont3e6e3e6e.woff]
[thoi-trang-trang-suc.daca.vn/lynessa/assets/fonts/fontawesome-webfont3e6e3e6e.ttf]
[thoi-trang-trang-suc.daca.vn/lynessa/assets/css/font-awesome.min.css]
[thoi-trang-trang-suc.daca.vn/lynessa/assets/fonts/fontawesome-webfont3e6e3e6e.svg]
[thoi-trang-trang-suc.daca.vn/lynessa/assets/fonts/Pe-icon-7-strokebb1dbb1d.eot]
[thoi-trang-trang-suc.daca.vn/lynessa/assets/fonts/Pe-icon-7-stroked41dd41d.eot]
[thoi-trang-trang-suc.daca.vn/lynessa/assets/fonts/Pe-icon-7-strokebb1dbb1d.woff]
[thoi-trang-trang-suc.daca.vn/lynessa/assets/fonts/Pe-icon-7-strokebb1dbb1d.ttf]
[thoi-trang-trang-suc.daca.vn/lynessa/assets/css/pe-icon-7-stroke.css]
[thoi-trang-trang-suc.daca.vn/lynessa/assets/css/jquery.scrollbar.css]
[thoi-trang-trang-suc.daca.vn/lynessa/assets/css/lightbox.min.css]
[thoi-trang-trang-suc.daca.vn/lynessa/assets/css/magnific-popup.css]
[thoi-trang-trang-suc.daca.vn/lynessa/assets/css/slick.min.css]
[thoi-trang-trang-suc.daca.vn/lynessa/assets/fonts/Pe-icon-7-strokebb1dbb1d.svg]
[thoi-trang-trang-suc.daca.vn/lynessa/assets/fonts/Flaticon.eot]
[thoi-trang-trang-suc.daca.vn/lynessa/assets/fonts/Flaticond41dd41d.eot]
[thoi-trang-trang-suc.daca.vn/lynessa/assets/fonts/Flaticon.woff2]
[thoi-trang-trang-suc.daca.vn/lynessa/assets/fonts/Flaticon.woff]
[thoi-trang-trang-suc.daca.vn/lynessa/assets/fonts/Flaticon.ttf]
[thoi-trang-trang-suc.daca.vn/lynessa/assets/fonts/flaticon.css]
[thoi-trang-trang-suc.daca.vn/lynessa/assets/css/megamenu.css]
[thoi-trang-trang-suc.daca.vn/lynessa/assets/css/dreaming-attribute.css]
[thoi-trang-trang-suc.daca.vn/lynessa/assets/fonts/Flaticon.svg]
[thoi-trang-trang-suc.daca.vn/lynessa/assets/images/select-arrow.png]
[thoi-trang-trang-suc.daca.vn/lynessa/assets/images/blog-bg.jpg]
[thoi-trang-trang-suc.daca.vn/lynessa/assets/images/logo-light.png]
[thoi-trang-trang-suc.daca.vn/lynessa/assets/images/title-bg.png]
[thoi-trang-trang-suc.daca.vn/lynessa/assets/images/test-bg-2.jpg]
[thoi-trang-trang-suc.daca.vn/lynessa/assets/css/style.css]
[thoi-trang-trang-suc.daca.vn/lynessa/index-2.html]
[thoi-trang-trang-suc.daca.vn/lynessa/assets/images/banner-for-all2.jpg]
[thoi-trang-trang-suc.daca.vn/lynessa/my-account.html]
[thoi-trang-trang-suc.daca.vn/lynessa/assets/images/apro51012-1-600x778.jpg]
[thoi-trang-trang-suc.daca.vn/lynessa/assets/images/apro71-1-600x778.jpg]
[thoi-trang-trang-suc.daca.vn/lynessa/assets/images/apro91-1-600x778.jpg]
[thoi-trang-trang-suc.daca.vn/lynessa/cart.html]
[thoi-trang-trang-suc.daca.vn/lynessa/assets/images/AM_mc_vs_ms_ae_UK.png]
[thoi-trang-trang-suc.daca.vn/lynessa/checkout.html]
[thoi-trang-trang-suc.daca.vn/lynessa/assets/images/slide41.jpg]
[thoi-trang-trang-suc.daca.vn/lynessa/assets/images/slide42.jpg]
[thoi-trang-trang-suc.daca.vn/lynessa/assets/images/slide43.jpg]
[thoi-trang-trang-suc.daca.vn/lynessa/assets/images/banner41.jpg]
[thoi-trang-trang-suc.daca.vn/lynessa/assets/images/banner42.jpg]
[thoi-trang-trang-suc.daca.vn/lynessa/assets/images/banner43.jpg]
[thoi-trang-trang-suc.daca.vn/lynessa/assets/images/banner44.jpg]
[thoi-trang-trang-suc.daca.vn/lynessa/assets/images/apro71-1-270x350.jpg]
[thoi-trang-trang-suc.daca.vn/lynessa/assets/images/apro83-1-270x350.jpg]
[thoi-trang-trang-suc.daca.vn/lynessa/assets/images/apro141-1-270x350.jpg]
[thoi-trang-trang-suc.daca.vn/lynessa/assets/images/apro1211-2-270x350.jpg]
[thoi-trang-trang-suc.daca.vn/lynessa/assets/images/apro201-1-270x350.jpg]
[thoi-trang-trang-suc.daca.vn/lynessa/assets/images/apro191-1-270x350.jpg]
[thoi-trang-trang-suc.daca.vn/lynessa/assets/images/apro181-2-270x350.jpg]
[thoi-trang-trang-suc.daca.vn/lynessa/assets/images/apro101-1-270x350.jpg]
[thoi-trang-trang-suc.daca.vn/lynessa/assets/images/apro91-1-270x350.jpg]
[thoi-trang-trang-suc.daca.vn/lynessa/assets/images/apro1113-270x350.jpg]
[thoi-trang-trang-suc.daca.vn/lynessa/assets/images/apro151-1-270x350.jpg]
[thoi-trang-trang-suc.daca.vn/lynessa/assets/images/banner4-41.jpg]
[thoi-trang-trang-suc.daca.vn/lynessa/assets/images/banner4-6.jpg]
[thoi-trang-trang-suc.daca.vn/lynessa/assets/images/banner4-7.jpg]
[thoi-trang-trang-suc.daca.vn/lynessa/assets/images/brand-logo-1.png]
[thoi-trang-trang-suc.daca.vn/lynessa/assets/images/brand-logo-5.png]
[thoi-trang-trang-suc.daca.vn/lynessa/assets/images/brand-logo-4.png]
[thoi-trang-trang-suc.daca.vn/lynessa/assets/images/brand-logo-3.png]
[thoi-trang-trang-suc.daca.vn/lynessa/assets/images/brand-logo-2.png]
[thoi-trang-trang-suc.daca.vn/lynessa/assets/images/blogpost1-370x330.jpg]
[thoi-trang-trang-suc.daca.vn/lynessa/assets/images/blogpost5-370x330.jpg]
[thoi-trang-trang-suc.daca.vn/lynessa/assets/images/blogpost9-370x330.jpg]
[thoi-trang-trang-suc.daca.vn/lynessa/assets/images/blogpost4-370x330.jpg]
[thoi-trang-trang-suc.daca.vn/lynessa/assets/images/blogpost2-370x330.jpg]
[thoi-trang-trang-suc.daca.vn/lynessa/home-02.html]
[thoi-trang-trang-suc.daca.vn/lynessa/assets/images/slide11.jpg]
[thoi-trang-trang-suc.daca.vn/lynessa/assets/images/slide12.jpg]
[thoi-trang-trang-suc.daca.vn/lynessa/assets/images/slide13.jpg]
[thoi-trang-trang-suc.daca.vn/lynessa/assets/images/banner11.jpg]
[thoi-trang-trang-suc.daca.vn/lynessa/assets/images/banner12.jpg]
[thoi-trang-trang-suc.daca.vn/lynessa/assets/images/banner13.jpg]
[thoi-trang-trang-suc.daca.vn/lynessa/assets/images/apro161-1-270x350.jpg]
[thoi-trang-trang-suc.daca.vn/lynessa/assets/images/banner101.jpg]
[thoi-trang-trang-suc.daca.vn/lynessa/assets/images/banner28.jpg]
[thoi-trang-trang-suc.daca.vn/lynessa/home-03.html]
[thoi-trang-trang-suc.daca.vn/lynessa/assets/images/slide31.jpg]
[thoi-trang-trang-suc.daca.vn/lynessa/assets/images/slide32.jpg]
[thoi-trang-trang-suc.daca.vn/lynessa/assets/images/slide33.jpg]
[thoi-trang-trang-suc.daca.vn/lynessa/assets/images/banner31.jpg]
[thoi-trang-trang-suc.daca.vn/lynessa/assets/images/banner32.jpg]
[thoi-trang-trang-suc.daca.vn/lynessa/assets/images/banner33.jpg]
[thoi-trang-trang-suc.daca.vn/lynessa/assets/images/apro171-1-270x350.jpg]
[thoi-trang-trang-suc.daca.vn/lynessa/assets/images/avatar1.png]
[thoi-trang-trang-suc.daca.vn/lynessa/assets/images/avatar3.png]
[thoi-trang-trang-suc.daca.vn/lynessa/assets/images/avatar2.png]
[thoi-trang-trang-suc.daca.vn/lynessa/home-04.html]
[thoi-trang-trang-suc.daca.vn/lynessa/assets/images/h5-banner1.jpg]
[thoi-trang-trang-suc.daca.vn/lynessa/assets/images/h5-banner2.jpg]
[thoi-trang-trang-suc.daca.vn/lynessa/assets/images/h5-banner3.jpg]
[thoi-trang-trang-suc.daca.vn/lynessa/assets/images/h5-banner4.jpg]
[thoi-trang-trang-suc.daca.vn/lynessa/assets/images/h5-banner5.jpg]
[thoi-trang-trang-suc.daca.vn/lynessa/assets/images/insta9.jpg]
[thoi-trang-trang-suc.daca.vn/lynessa/assets/images/insta10.jpg]
[thoi-trang-trang-suc.daca.vn/lynessa/assets/images/insta11.jpg]
[thoi-trang-trang-suc.daca.vn/lynessa/assets/images/insta12.jpg]
[thoi-trang-trang-suc.daca.vn/lynessa/home-05.html]
[thoi-trang-trang-suc.daca.vn/cdn-cgi/scripts/5c5dd728/cloudflare-static/email-decode.min.js]
[thoi-trang-trang-suc.daca.vn/lynessa/assets/images/slide61.jpg]
[thoi-trang-trang-suc.daca.vn/lynessa/assets/images/slide62.jpg]
[thoi-trang-trang-suc.daca.vn/lynessa/assets/images/slide63.jpg]
[thoi-trang-trang-suc.daca.vn/lynessa/assets/images/banner26.jpg]
[thoi-trang-trang-suc.daca.vn/lynessa/assets/images/banner27.jpg]
[thoi-trang-trang-suc.daca.vn/lynessa/assets/images/apro1211-2-592x592.jpg]
[thoi-trang-trang-suc.daca.vn/lynessa/assets/images/apro1221-2-592x592.jpg]
[thoi-trang-trang-suc.daca.vn/lynessa/assets/images/apro1231-2-592x592.jpg]
[thoi-trang-trang-suc.daca.vn/lynessa/assets/images/apro1221-2-90x90.jpg]
[thoi-trang-trang-suc.daca.vn/lynessa/assets/images/apro1231-2-90x90.jpg]
[thoi-trang-trang-suc.daca.vn/lynessa/home-06.html]
[thoi-trang-trang-suc.daca.vn/lynessa/assets/images/cat1.jpg]
[thoi-trang-trang-suc.daca.vn/lynessa/assets/images/cat2.jpg]
[thoi-trang-trang-suc.daca.vn/lynessa/assets/images/cat3.jpg]
[thoi-trang-trang-suc.daca.vn/lynessa/assets/images/cat4.jpg]
[thoi-trang-trang-suc.daca.vn/lynessa/assets/images/cat5.jpg]
[thoi-trang-trang-suc.daca.vn/lynessa/assets/images/cat6.jpg]
[thoi-trang-trang-suc.daca.vn/lynessa/assets/images/cat7.jpg]
[thoi-trang-trang-suc.daca.vn/lynessa/assets/images/apro161-1-600x778.jpg]
[thoi-trang-trang-suc.daca.vn/lynessa/assets/images/apro1211-2-600x778.jpg]
[thoi-trang-trang-suc.daca.vn/lynessa/assets/images/apro101-1-600x778.jpg]
[thoi-trang-trang-suc.daca.vn/lynessa/assets/images/apro171-1-600x778.jpg]
[thoi-trang-trang-suc.daca.vn/lynessa/assets/images/apro41-1-600x778.jpg]
[thoi-trang-trang-suc.daca.vn/lynessa/assets/images/apro181-2-600x778.jpg]
[thoi-trang-trang-suc.daca.vn/lynessa/assets/images/apro83-1-600x778.jpg]
[thoi-trang-trang-suc.daca.vn/lynessa/assets/images/apro141-1-600x778.jpg]
[thoi-trang-trang-suc.daca.vn/lynessa/assets/images/apro61-1-600x778.jpg]
[thoi-trang-trang-suc.daca.vn/lynessa/assets/images/apro191-1-600x778.jpg]
[thoi-trang-trang-suc.daca.vn/lynessa/assets/images/apro13-1-600x778.jpg]
[thoi-trang-trang-suc.daca.vn/lynessa/shop.html]
[thoi-trang-trang-suc.daca.vn/lynessa/shop-list.html]
[thoi-trang-trang-suc.daca.vn/lynessa/shop-leftsidebar.html]
[thoi-trang-trang-suc.daca.vn/lynessa/shop-rightsidebar.html]
[thoi-trang-trang-suc.daca.vn/lynessa/assets/images/apro131-2.jpg]
[thoi-trang-trang-suc.daca.vn/lynessa/assets/images/apro134-1.jpg]
[thoi-trang-trang-suc.daca.vn/lynessa/assets/images/apro132-1.jpg]
[thoi-trang-trang-suc.daca.vn/lynessa/assets/images/apro133-1.jpg]
[thoi-trang-trang-suc.daca.vn/lynessa/assets/images/apro131-2-100x100.jpg]
[thoi-trang-trang-suc.daca.vn/lynessa/assets/images/apro134-1-100x100.jpg]
[thoi-trang-trang-suc.daca.vn/lynessa/assets/images/apro132-1-100x100.jpg]
[thoi-trang-trang-suc.daca.vn/lynessa/assets/images/apro133-1-100x100.jpg]
[thoi-trang-trang-suc.daca.vn/lynessa/assets/images/single-pro1.jpg]
[thoi-trang-trang-suc.daca.vn/lynessa/assets/images/single-pro2.jpg]
[thoi-trang-trang-suc.daca.vn/lynessa/assets/images/apro151-1-600x778.jpg]
[thoi-trang-trang-suc.daca.vn/lynessa/assets/images/apro31-1-600x778.jpg]
[thoi-trang-trang-suc.daca.vn/lynessa/assets/images/apro302-600x778.jpg]
[thoi-trang-trang-suc.daca.vn/lynessa/single-product.html]
[thoi-trang-trang-suc.daca.vn/lynessa/single-product-policy.html]
[thoi-trang-trang-suc.daca.vn/lynessa/single-product-rightsidebar.html]
[thoi-trang-trang-suc.daca.vn/lynessa/single-product-leftsidebar.html]
[thoi-trang-trang-suc.daca.vn/lynessa/single-product-bundle.html]
[thoi-trang-trang-suc.daca.vn/lynessa/assets/images/is_main.jpg]
[thoi-trang-trang-suc.daca.vn/lynessa/assets/images/is_main1.jpg]
[thoi-trang-trang-suc.daca.vn/lynessa/assets/images/is_main2.jpg]
[thoi-trang-trang-suc.daca.vn/lynessa/assets/images/is_main4.jpg]
[thoi-trang-trang-suc.daca.vn/lynessa/assets/images/is_main5.jpg]
[thoi-trang-trang-suc.daca.vn/lynessa/assets/images/is_main6.jpg]
[thoi-trang-trang-suc.daca.vn/lynessa/assets/images/is_main7.jpg]
[thoi-trang-trang-suc.daca.vn/lynessa/assets/images/is_main8.jpg]
[thoi-trang-trang-suc.daca.vn/lynessa/assets/images/is_main9.jpg]
[thoi-trang-trang-suc.daca.vn/lynessa/assets/images/is_main10.jpg]
[thoi-trang-trang-suc.daca.vn/lynessa/assets/images/is_main11.jpg]
[thoi-trang-trang-suc.daca.vn/lynessa/assets/images/is_main12.jpg]
[thoi-trang-trang-suc.daca.vn/lynessa/single-product-360deg.html]
[thoi-trang-trang-suc.daca.vn/lynessa/single-product-video.html]
[thoi-trang-trang-suc.daca.vn/lynessa/wishlist.html]
[thoi-trang-trang-suc.daca.vn/lynessa/order-tracking.html]
[thoi-trang-trang-suc.daca.vn/lynessa/compare.html]
[thoi-trang-trang-suc.daca.vn/lynessa/single-product-simple.html]
[thoi-trang-trang-suc.daca.vn/lynessa/single-product-external.html]
[thoi-trang-trang-suc.daca.vn/lynessa/single-product-group.html]
[thoi-trang-trang-suc.daca.vn/lynessa/single-product-outofstock.html]
[thoi-trang-trang-suc.daca.vn/lynessa/single-product-onsale.html]
[thoi-trang-trang-suc.daca.vn/lynessa/dashboard.html]
[thoi-trang-trang-suc.daca.vn/lynessa/orders.html]
[thoi-trang-trang-suc.daca.vn/lynessa/downloads.html]
[thoi-trang-trang-suc.daca.vn/lynessa/edit-address.html]
[thoi-trang-trang-suc.daca.vn/lynessa/edit-account.html]
[thoi-trang-trang-suc.daca.vn/lynessa/banner.html]
[thoi-trang-trang-suc.daca.vn/lynessa/assets/images/blogpost6-370x330.jpg]
[thoi-trang-trang-suc.daca.vn/lynessa/assets/images/blogpost7-370x330.jpg]
[thoi-trang-trang-suc.daca.vn/lynessa/assets/images/blogpost8-370x330.jpg]
[thoi-trang-trang-suc.daca.vn/lynessa/assets/images/blogpost3-370x330.jpg]
[thoi-trang-trang-suc.daca.vn/lynessa/assets/images/blogpost10-370x330.jpg]
[thoi-trang-trang-suc.daca.vn/lynessa/assets/images/blogpost12-370x330.jpg]
[thoi-trang-trang-suc.daca.vn/lynessa/assets/images/blogpost11-370x330.jpg]
[thoi-trang-trang-suc.daca.vn/lynessa/blog-element.html]
[thoi-trang-trang-suc.daca.vn/lynessa/categories-element.html]
[thoi-trang-trang-suc.daca.vn/lynessa/product-element.html]
[thoi-trang-trang-suc.daca.vn/lynessa/client.html]
[thoi-trang-trang-suc.daca.vn/lynessa/product-layout.html]
[thoi-trang-trang-suc.daca.vn/lynessa/google-map.html]
[thoi-trang-trang-suc.daca.vn/lynessa/iconbox.html]
[thoi-trang-trang-suc.daca.vn/lynessa/assets/images/team-img1.jpg]
[thoi-trang-trang-suc.daca.vn/lynessa/assets/images/team-img2.jpg]
[thoi-trang-trang-suc.daca.vn/lynessa/assets/images/team-img3.jpg]
[thoi-trang-trang-suc.daca.vn/lynessa/assets/images/team-img4.jpg]
[thoi-trang-trang-suc.daca.vn/lynessa/assets/images/team5-1.jpg]
[thoi-trang-trang-suc.daca.vn/lynessa/assets/images/team6.jpg]
[thoi-trang-trang-suc.daca.vn/lynessa/team.html]
[thoi-trang-trang-suc.daca.vn/lynessa/instagram-feed.html]
[thoi-trang-trang-suc.daca.vn/lynessa/newsletter.html]
[thoi-trang-trang-suc.daca.vn/lynessa/testimonials.html]
[thoi-trang-trang-suc.daca.vn/lynessa/assets/images/blogpost1.jpg]
[thoi-trang-trang-suc.daca.vn/lynessa/assets/images/blogpost5.jpg]
[thoi-trang-trang-suc.daca.vn/lynessa/assets/images/blogpost4.jpg]
[thoi-trang-trang-suc.daca.vn/lynessa/assets/images/blogpost2.jpg]
[thoi-trang-trang-suc.daca.vn/lynessa/assets/images/blogpost6.jpg]
[thoi-trang-trang-suc.daca.vn/lynessa/assets/images/blogpost7.jpg]
[thoi-trang-trang-suc.daca.vn/lynessa/assets/images/blogpost10.jpg]
[thoi-trang-trang-suc.daca.vn/lynessa/assets/images/blogpost12.jpg]
[thoi-trang-trang-suc.daca.vn/lynessa/assets/images/blogpost8.jpg]
[thoi-trang-trang-suc.daca.vn/lynessa/assets/images/blogpost3.jpg]
[thoi-trang-trang-suc.daca.vn/lynessa/blog.html]
[thoi-trang-trang-suc.daca.vn/lynessa/assets/images/blogpost1-83x83.jpg]
[thoi-trang-trang-suc.daca.vn/lynessa/assets/images/blogpost5-83x83.jpg]
[thoi-trang-trang-suc.daca.vn/lynessa/assets/images/blogpost9-83x83.jpg]
[thoi-trang-trang-suc.daca.vn/lynessa/assets/images/blogpost4-83x83.jpg]
[thoi-trang-trang-suc.daca.vn/lynessa/blog-leftsidebar.html]
[thoi-trang-trang-suc.daca.vn/lynessa/blog-rightsidebar.html]
[thoi-trang-trang-suc.daca.vn/lynessa/blog-grid.html]
[thoi-trang-trang-suc.daca.vn/lynessa/assets/images/blog-gallery-1.jpg]
[thoi-trang-trang-suc.daca.vn/lynessa/assets/images/blog-gallery-2.jpg]
[thoi-trang-trang-suc.daca.vn/lynessa/single-post.html]
[thoi-trang-trang-suc.daca.vn/lynessa/single-post-leftsidebar.html]
[thoi-trang-trang-suc.daca.vn/lynessa/single-post-rightsidebar.html]
[thoi-trang-trang-suc.daca.vn/lynessa/single-post-instagram.html]
[thoi-trang-trang-suc.daca.vn/lynessa/assets/images/pinpost.jpg]
[thoi-trang-trang-suc.daca.vn/lynessa/assets/images/apro83-1-100x133.jpg]
[thoi-trang-trang-suc.daca.vn/lynessa/assets/images/apro41-1-100x133.jpg]
[thoi-trang-trang-suc.daca.vn/lynessa/assets/images/apro141-1-100x133.jpg]
[thoi-trang-trang-suc.daca.vn/lynessa/single-post-product.html]
[thoi-trang-trang-suc.daca.vn/lynessa/single-post-gallery.html]
[thoi-trang-trang-suc.daca.vn/lynessa/single-post-video.html]
[thoi-trang-trang-suc.daca.vn/lynessa/assets/images/about-img.jpg]
[thoi-trang-trang-suc.daca.vn/lynessa/about.html]
[thoi-trang-trang-suc.daca.vn/lynessa/contact.html]
[thoi-trang-trang-suc.daca.vn/lynessa/404.html]
[thoi-trang-trang-suc.daca.vn/lynessa/assets/fonts/fontawesome-webfont3e6e3e6e.svg]
[thoi-trang-trang-suc.daca.vn/lynessa/assets/fonts/Pe-icon-7-strokebb1dbb1d.svg]
[thoi-trang-trang-suc.daca.vn/lynessa/assets/fonts/Flaticon.svg]
